<?xml version="1.0" encoding="UTF-8"?>
<!-- Generated by org.testng.reporters.JUnitReportReporter -->
<testsuite hostname="Desktop-MZaman" failures="0" tests="2" name="tests.BasicTest" time="28.919" errors="0" timestamp="31 Dec 2021 17:18:24 GMT" skipped="0">
  <testcase classname="tests.BasicTest" name="loginTestValidProblem" time="13.871"/>
  <testcase classname="tests.BasicTest" name="loginToSwagLabsTestValid" time="15.048"/>
</testsuite> <!-- tests.BasicTest -->
